Website DOWN detected at Tue Apr 21 22:32:10 UTC 2026
Failure count: 1
Website DOWN detected at Tue Apr 21 22:32:34 UTC 2026
Failure count: 2
Website DOWN detected at Tue Apr 21 22:32:45 UTC 2026
Failure count: 3
Threshold reached. Starting recovery at Tue Apr 21 22:32:45 UTC 2026
Nginx restarted at Tue Apr 21 22:32:45 UTC 2026
Website RECOVERED at Tue Apr 21 22:35:29 UTC 2026
Website DOWN detected at Wed Apr 22 00:57:01 UTC 2026
Failure count: 1
Website DOWN detected at Wed Apr 22 00:58:01 UTC 2026
Failure count: 2
Website DOWN detected at Wed Apr 22 00:59:01 UTC 2026
Failure count: 3
Threshold reached. Starting recovery at Wed Apr 22 00:59:01 UTC 2026
Nginx restarted at Wed Apr 22 00:59:02 UTC 2026
Website RECOVERED at Wed Apr 22 01:00:01 UTC 2026
Website DOWN detected at Wed Apr 22 01:04:01 UTC 2026
Failure count: 1
Website DOWN detected at Wed Apr 22 01:05:01 UTC 2026
Failure count: 2
Website DOWN detected at Wed Apr 22 01:06:01 UTC 2026
Failure count: 3
Threshold reached. Starting recovery at Wed Apr 22 01:06:01 UTC 2026
Nginx restarted at Wed Apr 22 01:06:01 UTC 2026
Website RECOVERED at Wed Apr 22 01:07:01 UTC 2026
Website DOWN detected at Wed Apr 22 01:18:01 UTC 2026
Failure count: 1
Website DOWN detected at Wed Apr 22 01:19:01 UTC 2026
Failure count: 2
Website DOWN detected at Wed Apr 22 01:20:01 UTC 2026
Failure count: 3
Threshold reached. Starting recovery at Wed Apr 22 01:20:01 UTC 2026
Nginx restarted at Wed Apr 22 01:20:02 UTC 2026
Website RECOVERED at Wed Apr 22 01:21:01 UTC 2026
Website DOWN detected at Wed Apr 22 01:27:01 UTC 2026
Failure count: 1
Website DOWN detected at Wed Apr 22 01:28:01 UTC 2026
Failure count: 2
Website DOWN detected at Wed Apr 22 01:29:01 UTC 2026
Failure count: 3
Threshold reached. Starting recovery at Wed Apr 22 01:29:01 UTC 2026
Nginx restarted at Wed Apr 22 01:29:02 UTC 2026
Website RECOVERED at Wed Apr 22 01:30:01 UTC 2026
Website DOWN detected at Wed Apr 22 01:37:01 UTC 2026
Failure count: 1
Website DOWN detected at Wed Apr 22 01:38:01 UTC 2026
Failure count: 2
Website DOWN detected at Wed Apr 22 01:39:01 UTC 2026
Failure count: 3
Threshold reached. Starting recovery at Wed Apr 22 01:39:01 UTC 2026
Nginx restarted at Wed Apr 22 01:39:01 UTC 2026
Website RECOVERED at Wed Apr 22 01:40:02 UTC 2026
Website DOWN detected at Wed Apr 22 01:56:50 UTC 2026
Failure count: 1
Website DOWN detected at Wed Apr 22 01:56:55 UTC 2026
Failure count: 2
Website DOWN detected at Wed Apr 22 01:57:00 UTC 2026
Failure count: 3
Threshold reached. Starting recovery at Wed Apr 22 01:57:00 UTC 2026
Nginx restarted at Wed Apr 22 01:57:00 UTC 2026
Website RECOVERED at Wed Apr 22 01:57:01 UTC 2026
Website DOWN detected at Wed Apr 22 01:57:45 UTC 2026
Failure count: 1
Website DOWN detected at Wed Apr 22 01:57:50 UTC 2026
Failure count: 2
Website DOWN detected at Wed Apr 22 01:57:55 UTC 2026
Failure count: 3
Threshold reached. Starting recovery at Wed Apr 22 01:57:55 UTC 2026
Nginx restarted at Wed Apr 22 01:57:55 UTC 2026
Website RECOVERED at Wed Apr 22 01:58:00 UTC 2026
Website DOWN detected at Wed Apr 22 01:58:35 UTC 2026
Failure count: 1
Website DOWN detected at Wed Apr 22 01:58:40 UTC 2026
Failure count: 2
Website DOWN detected at Wed Apr 22 01:58:45 UTC 2026
Failure count: 3
Threshold reached. Starting recovery at Wed Apr 22 01:58:45 UTC 2026
Nginx restarted at Wed Apr 22 01:58:45 UTC 2026
Website RECOVERED at Wed Apr 22 01:58:50 UTC 2026
